2018-04-15 22:45:57,830 - Log4JLogChute initialized using file 'velocity.log'
2018-04-15 22:45:57,830 - Initializing Velocity, Calling init()...
2018-04-15 22:45:57,830 - Starting Apache Velocity v1.7 (compiled: 2010-11-19 12:14:37)
2018-04-15 22:45:57,830 - Default Properties File: org\apache\velocity\runtime\defaults\velocity.properties
2018-04-15 22:45:57,830 - Trying to use logger class org.apache.velocity.runtime.log.AvalonLogChute
2018-04-15 22:45:57,830 - Target log system for org.apache.velocity.runtime.log.AvalonLogChute is not available (java.lang.NoClassDefFoundError: org/apache/log/format/Formatter).  Falling back to next log system...
2018-04-15 22:45:57,830 - Trying to use logger class org.apache.velocity.runtime.log.Log4JLogChute
2018-04-15 22:45:57,830 - Using logger class org.apache.velocity.runtime.log.Log4JLogChute
2018-04-15 22:45:57,833 - ResourceLoader instantiated: org.apache.velocity.runtime.resource.loader.ClasspathResourceLoader
2018-04-15 22:45:57,840 - ResourceCache: initialized (class org.apache.velocity.runtime.resource.ResourceCacheImpl) with class java.util.Collections$SynchronizedMap cache map.
2018-04-15 22:45:57,841 - Loaded System Directive: org.apache.velocity.runtime.directive.Stop
2018-04-15 22:45:57,841 - Loaded System Directive: org.apache.velocity.runtime.directive.Define
2018-04-15 22:45:57,842 - Loaded System Directive: org.apache.velocity.runtime.directive.Break
2018-04-15 22:45:57,842 - Loaded System Directive: org.apache.velocity.runtime.directive.Evaluate
2018-04-15 22:45:57,842 - Loaded System Directive: org.apache.velocity.runtime.directive.Literal
2018-04-15 22:45:57,843 - Loaded System Directive: org.apache.velocity.runtime.directive.Macro
2018-04-15 22:45:57,844 - Loaded System Directive: org.apache.velocity.runtime.directive.Parse
2018-04-15 22:45:57,844 - Loaded System Directive: org.apache.velocity.runtime.directive.Include
2018-04-15 22:45:57,845 - Loaded System Directive: org.apache.velocity.runtime.directive.Foreach
2018-04-15 22:45:57,865 - Created '20' parsers.
2018-04-15 22:45:57,868 - Velocimacro : "velocimacro.library" is not set.  Trying default library: VM_global_library.vm
2018-04-15 22:45:57,868 - Could not load resource 'VM_global_library.vm' from ResourceLoader org.apache.velocity.runtime.resource.loader.ClasspathResourceLoader: ClasspathResourceLoader Error: cannot find resource VM_global_library.vm
2018-04-15 22:45:57,868 - Velocimacro : Default library not found.
2018-04-15 22:45:57,868 - Velocimacro : allowInline = true : VMs can be defined inline in templates
2018-04-15 22:45:57,869 - Velocimacro : allowInlineToOverride = false : VMs defined inline may NOT replace previous VM definitions
2018-04-15 22:45:57,869 - Velocimacro : allowInlineLocal = false : VMs defined inline will be global in scope if allowed.
2018-04-15 22:45:57,869 - Velocimacro : autoload off : VM system will not automatically reload global library macros
2018-04-15 22:45:57,870 - ResourceManager : unable to find resource 'src/main/resources/public/main.js' in any resource loader.
2018-04-15 22:46:05,417 - Log4JLogChute initialized using file 'velocity.log'
2018-04-15 22:46:05,417 - Log4JLogChute initialized using file 'velocity.log'
2018-04-15 22:46:05,417 - Initializing Velocity, Calling init()...
2018-04-15 22:46:05,417 - Initializing Velocity, Calling init()...
2018-04-15 22:46:05,417 - Starting Apache Velocity v1.7 (compiled: 2010-11-19 12:14:37)
2018-04-15 22:46:05,417 - Starting Apache Velocity v1.7 (compiled: 2010-11-19 12:14:37)
2018-04-15 22:46:05,417 - Default Properties File: org\apache\velocity\runtime\defaults\velocity.properties
2018-04-15 22:46:05,417 - Default Properties File: org\apache\velocity\runtime\defaults\velocity.properties
2018-04-15 22:46:05,417 - Trying to use logger class org.apache.velocity.runtime.log.AvalonLogChute
2018-04-15 22:46:05,417 - Trying to use logger class org.apache.velocity.runtime.log.AvalonLogChute
2018-04-15 22:46:05,417 - Target log system for org.apache.velocity.runtime.log.AvalonLogChute is not available (java.lang.NoClassDefFoundError: org/apache/log/format/Formatter).  Falling back to next log system...
2018-04-15 22:46:05,417 - Target log system for org.apache.velocity.runtime.log.AvalonLogChute is not available (java.lang.NoClassDefFoundError: org/apache/log/format/Formatter).  Falling back to next log system...
2018-04-15 22:46:05,417 - Trying to use logger class org.apache.velocity.runtime.log.Log4JLogChute
2018-04-15 22:46:05,417 - Trying to use logger class org.apache.velocity.runtime.log.Log4JLogChute
2018-04-15 22:46:05,417 - Using logger class org.apache.velocity.runtime.log.Log4JLogChute
2018-04-15 22:46:05,417 - Using logger class org.apache.velocity.runtime.log.Log4JLogChute
2018-04-15 22:46:05,417 - ResourceLoader instantiated: org.apache.velocity.runtime.resource.loader.ClasspathResourceLoader
2018-04-15 22:46:05,417 - ResourceLoader instantiated: org.apache.velocity.runtime.resource.loader.ClasspathResourceLoader
2018-04-15 22:46:05,417 - ResourceCache: initialized (class org.apache.velocity.runtime.resource.ResourceCacheImpl) with class java.util.Collections$SynchronizedMap cache map.
2018-04-15 22:46:05,417 - ResourceCache: initialized (class org.apache.velocity.runtime.resource.ResourceCacheImpl) with class java.util.Collections$SynchronizedMap cache map.
2018-04-15 22:46:05,418 - Loaded System Directive: org.apache.velocity.runtime.directive.Stop
2018-04-15 22:46:05,418 - Loaded System Directive: org.apache.velocity.runtime.directive.Stop
2018-04-15 22:46:05,418 - Loaded System Directive: org.apache.velocity.runtime.directive.Define
2018-04-15 22:46:05,418 - Loaded System Directive: org.apache.velocity.runtime.directive.Define
2018-04-15 22:46:05,418 - Loaded System Directive: org.apache.velocity.runtime.directive.Break
2018-04-15 22:46:05,418 - Loaded System Directive: org.apache.velocity.runtime.directive.Break
2018-04-15 22:46:05,418 - Loaded System Directive: org.apache.velocity.runtime.directive.Evaluate
2018-04-15 22:46:05,418 - Loaded System Directive: org.apache.velocity.runtime.directive.Evaluate
2018-04-15 22:46:05,418 - Loaded System Directive: org.apache.velocity.runtime.directive.Literal
2018-04-15 22:46:05,418 - Loaded System Directive: org.apache.velocity.runtime.directive.Literal
2018-04-15 22:46:05,418 - Loaded System Directive: org.apache.velocity.runtime.directive.Macro
2018-04-15 22:46:05,418 - Loaded System Directive: org.apache.velocity.runtime.directive.Macro
2018-04-15 22:46:05,418 - Loaded System Directive: org.apache.velocity.runtime.directive.Parse
2018-04-15 22:46:05,418 - Loaded System Directive: org.apache.velocity.runtime.directive.Parse
2018-04-15 22:46:05,418 - Loaded System Directive: org.apache.velocity.runtime.directive.Include
2018-04-15 22:46:05,418 - Loaded System Directive: org.apache.velocity.runtime.directive.Include
2018-04-15 22:46:05,418 - Loaded System Directive: org.apache.velocity.runtime.directive.Foreach
2018-04-15 22:46:05,418 - Loaded System Directive: org.apache.velocity.runtime.directive.Foreach
2018-04-15 22:46:05,419 - Created '20' parsers.
2018-04-15 22:46:05,419 - Created '20' parsers.
2018-04-15 22:46:05,419 - Velocimacro : "velocimacro.library" is not set.  Trying default library: VM_global_library.vm
2018-04-15 22:46:05,419 - Velocimacro : "velocimacro.library" is not set.  Trying default library: VM_global_library.vm
2018-04-15 22:46:05,419 - Could not load resource 'VM_global_library.vm' from ResourceLoader org.apache.velocity.runtime.resource.loader.ClasspathResourceLoader: ClasspathResourceLoader Error: cannot find resource VM_global_library.vm
2018-04-15 22:46:05,419 - Could not load resource 'VM_global_library.vm' from ResourceLoader org.apache.velocity.runtime.resource.loader.ClasspathResourceLoader: ClasspathResourceLoader Error: cannot find resource VM_global_library.vm
2018-04-15 22:46:05,420 - Velocimacro : Default library not found.
2018-04-15 22:46:05,420 - Velocimacro : Default library not found.
2018-04-15 22:46:05,420 - Velocimacro : allowInline = true : VMs can be defined inline in templates
2018-04-15 22:46:05,420 - Velocimacro : allowInline = true : VMs can be defined inline in templates
2018-04-15 22:46:05,420 - Velocimacro : allowInlineToOverride = false : VMs defined inline may NOT replace previous VM definitions
2018-04-15 22:46:05,420 - Velocimacro : allowInlineToOverride = false : VMs defined inline may NOT replace previous VM definitions
2018-04-15 22:46:05,420 - Velocimacro : allowInlineLocal = false : VMs defined inline will be global in scope if allowed.
2018-04-15 22:46:05,420 - Velocimacro : allowInlineLocal = false : VMs defined inline will be global in scope if allowed.
2018-04-15 22:46:05,420 - Velocimacro : autoload off : VM system will not automatically reload global library macros
2018-04-15 22:46:05,420 - Velocimacro : autoload off : VM system will not automatically reload global library macros
2018-04-15 22:46:05,420 - ResourceManager : unable to find resource 'src/main/resources/public/main.js' in any resource loader.
2018-04-15 22:46:05,420 - ResourceManager : unable to find resource 'src/main/resources/public/main.js' in any resource loader.
